Setting files loaded successfully !!!
Device being used for training : cuda:0
1281167
1281167
50000
50000
current lr 1.00000e-01
Epoch: [1][0/10010]	Time 1.389 (1.389)	Data 0.839 (0.839)	Loss 6.9840 (6.9840)	Prec@1 0.000 (0.000)
Epoch: [1][50/10010]	Time 1.205 (1.104)	Data 0.808 (0.706)	Loss 6.8888 (7.2131)	Prec@1 0.000 (0.107)
Epoch: [1][100/10010]	Time 1.277 (1.103)	Data 0.880 (0.706)	Loss 6.9252 (7.0863)	Prec@1 0.000 (0.116)
Epoch: [1][150/10010]	Time 1.039 (1.101)	Data 0.643 (0.704)	Loss 6.9056 (7.0350)	Prec@1 0.000 (0.150)
Epoch: [1][200/10010]	Time 1.127 (1.100)	Data 0.731 (0.704)	Loss 6.8941 (7.0054)	Prec@1 0.000 (0.128)
Epoch: [1][250/10010]	Time 1.119 (1.100)	Data 0.723 (0.703)	Loss 6.8566 (6.9851)	Prec@1 0.000 (0.156)
Epoch: [1][300/10010]	Time 1.146 (1.098)	Data 0.749 (0.701)	Loss 6.9014 (6.9707)	Prec@1 0.000 (0.166)
Epoch: [1][350/10010]	Time 1.078 (1.098)	Data 0.682 (0.701)	Loss 6.8423 (6.9594)	Prec@1 0.000 (0.189)
Epoch: [1][400/10010]	Time 1.080 (1.097)	Data 0.682 (0.700)	Loss 6.8254 (6.9483)	Prec@1 0.781 (0.220)
Epoch: [1][450/10010]	Time 1.070 (1.096)	Data 0.672 (0.699)	Loss 6.7794 (6.9339)	Prec@1 0.000 (0.255)
Epoch: [1][500/10010]	Time 1.231 (1.095)	Data 0.836 (0.698)	Loss 6.7166 (6.9186)	Prec@1 0.000 (0.257)
Epoch: [1][550/10010]	Time 1.125 (1.095)	Data 0.728 (0.698)	Loss 6.7467 (6.9028)	Prec@1 0.000 (0.278)
Epoch: [1][600/10010]	Time 1.063 (1.096)	Data 0.666 (0.699)	Loss 6.6720 (6.8846)	Prec@1 0.781 (0.296)
Epoch: [1][650/10010]	Time 1.084 (1.097)	Data 0.687 (0.700)	Loss 6.7416 (6.8683)	Prec@1 0.000 (0.302)
Epoch: [1][700/10010]	Time 1.079 (1.097)	Data 0.682 (0.700)	Loss 6.6570 (6.8516)	Prec@1 0.000 (0.319)
Epoch: [1][750/10010]	Time 1.066 (1.096)	Data 0.668 (0.699)	Loss 6.5627 (6.8331)	Prec@1 0.000 (0.348)
Epoch: [1][800/10010]	Time 1.056 (1.096)	Data 0.660 (0.699)	Loss 6.4910 (6.8157)	Prec@1 1.562 (0.377)
Epoch: [1][850/10010]	Time 1.076 (1.095)	Data 0.680 (0.699)	Loss 6.5090 (6.7977)	Prec@1 1.562 (0.393)
Epoch: [1][900/10010]	Time 1.015 (1.095)	Data 0.616 (0.698)	Loss 6.3595 (6.7788)	Prec@1 1.562 (0.433)
Epoch: [1][950/10010]	Time 1.035 (1.095)	Data 0.637 (0.698)	Loss 6.4418 (6.7598)	Prec@1 0.000 (0.476)
Epoch: [1][1000/10010]	Time 1.078 (1.094)	Data 0.681 (0.697)	Loss 6.3576 (6.7407)	Prec@1 0.000 (0.510)
Epoch: [1][1050/10010]	Time 1.112 (1.094)	Data 0.716 (0.697)	Loss 6.3791 (6.7236)	Prec@1 0.781 (0.540)
Epoch: [1][1100/10010]	Time 1.215 (1.093)	Data 0.819 (0.696)	Loss 6.4910 (6.7056)	Prec@1 0.781 (0.571)
Epoch: [1][1150/10010]	Time 1.169 (1.093)	Data 0.773 (0.696)	Loss 6.1763 (6.6873)	Prec@1 2.344 (0.599)
Epoch: [1][1200/10010]	Time 1.062 (1.092)	Data 0.666 (0.696)	Loss 5.8917 (6.6685)	Prec@1 2.344 (0.634)
Epoch: [1][1250/10010]	Time 1.032 (1.092)	Data 0.636 (0.695)	Loss 6.2123 (6.6505)	Prec@1 0.781 (0.663)
Epoch: [1][1300/10010]	Time 1.119 (1.091)	Data 0.722 (0.694)	Loss 6.2538 (6.6333)	Prec@1 1.562 (0.693)
Epoch: [1][1350/10010]	Time 1.085 (1.091)	Data 0.687 (0.694)	Loss 6.0710 (6.6159)	Prec@1 3.125 (0.726)
Epoch: [1][1400/10010]	Time 1.137 (1.090)	Data 0.740 (0.694)	Loss 6.2341 (6.5995)	Prec@1 1.562 (0.751)
Epoch: [1][1450/10010]	Time 1.071 (1.090)	Data 0.674 (0.693)	Loss 6.1158 (6.5825)	Prec@1 0.781 (0.786)
Epoch: [1][1500/10010]	Time 1.065 (1.089)	Data 0.668 (0.693)	Loss 6.2531 (6.5673)	Prec@1 0.781 (0.811)
Epoch: [1][1550/10010]	Time 1.052 (1.088)	Data 0.655 (0.692)	Loss 5.9314 (6.5519)	Prec@1 2.344 (0.840)
Epoch: [1][1600/10010]	Time 1.069 (1.088)	Data 0.673 (0.691)	Loss 6.0540 (6.5364)	Prec@1 2.344 (0.874)
Epoch: [1][1650/10010]	Time 1.054 (1.088)	Data 0.656 (0.691)	Loss 6.0996 (6.5212)	Prec@1 2.344 (0.911)
Epoch: [1][1700/10010]	Time 1.070 (1.087)	Data 0.673 (0.691)	Loss 6.0603 (6.5064)	Prec@1 3.906 (0.952)
Epoch: [1][1750/10010]	Time 1.162 (1.087)	Data 0.766 (0.690)	Loss 6.0448 (6.4914)	Prec@1 2.344 (0.991)
Epoch: [1][1800/10010]	Time 1.058 (1.087)	Data 0.661 (0.690)	Loss 6.0056 (6.4770)	Prec@1 2.344 (1.025)
Epoch: [1][1850/10010]	Time 1.046 (1.086)	Data 0.649 (0.690)	Loss 6.0188 (6.4626)	Prec@1 2.344 (1.063)
Epoch: [1][1900/10010]	Time 1.053 (1.086)	Data 0.657 (0.689)	Loss 5.8764 (6.4481)	Prec@1 6.250 (1.103)
Epoch: [1][1950/10010]	Time 1.044 (1.086)	Data 0.647 (0.689)	Loss 6.1116 (6.4343)	Prec@1 3.125 (1.143)
Epoch: [1][2000/10010]	Time 1.008 (1.085)	Data 0.611 (0.689)	Loss 5.8462 (6.4206)	Prec@1 5.469 (1.186)
Epoch: [1][2050/10010]	Time 1.032 (1.085)	Data 0.636 (0.688)	Loss 5.7093 (6.4066)	Prec@1 4.688 (1.230)
Epoch: [1][2100/10010]	Time 1.096 (1.085)	Data 0.699 (0.688)	Loss 5.8347 (6.3928)	Prec@1 3.125 (1.269)
Epoch: [1][2150/10010]	Time 1.072 (1.084)	Data 0.675 (0.688)	Loss 5.9030 (6.3794)	Prec@1 1.562 (1.309)
Epoch: [1][2200/10010]	Time 1.005 (1.084)	Data 0.609 (0.687)	Loss 5.9522 (6.3655)	Prec@1 3.906 (1.346)
Epoch: [1][2250/10010]	Time 1.031 (1.083)	Data 0.633 (0.687)	Loss 5.7427 (6.3527)	Prec@1 3.125 (1.390)
Epoch: [1][2300/10010]	Time 1.040 (1.083)	Data 0.645 (0.687)	Loss 5.6948 (6.3399)	Prec@1 4.688 (1.437)
Epoch: [1][2350/10010]	Time 1.068 (1.083)	Data 0.671 (0.687)	Loss 5.5568 (6.3271)	Prec@1 3.906 (1.482)
Epoch: [1][2400/10010]	Time 1.068 (1.083)	Data 0.671 (0.686)	Loss 5.7394 (6.3149)	Prec@1 4.688 (1.526)
Epoch: [1][2450/10010]	Time 1.026 (1.083)	Data 0.629 (0.686)	Loss 5.7308 (6.3022)	Prec@1 2.344 (1.555)
Epoch: [1][2500/10010]	Time 1.060 (1.083)	Data 0.663 (0.686)	Loss 5.8016 (6.2902)	Prec@1 1.562 (1.598)
Epoch: [1][2550/10010]	Time 1.037 (1.082)	Data 0.640 (0.686)	Loss 5.5934 (6.2777)	Prec@1 3.906 (1.644)
Epoch: [1][2600/10010]	Time 1.042 (1.082)	Data 0.645 (0.686)	Loss 5.4833 (6.2650)	Prec@1 6.250 (1.688)
Epoch: [1][2650/10010]	Time 1.024 (1.082)	Data 0.627 (0.685)	Loss 5.8173 (6.2533)	Prec@1 1.562 (1.732)
Epoch: [1][2700/10010]	Time 1.083 (1.082)	Data 0.687 (0.685)	Loss 5.5682 (6.2417)	Prec@1 2.344 (1.772)
Epoch: [1][2750/10010]	Time 1.040 (1.082)	Data 0.643 (0.685)	Loss 5.7707 (6.2303)	Prec@1 1.562 (1.821)
Epoch: [1][2800/10010]	Time 1.035 (1.081)	Data 0.638 (0.685)	Loss 5.6033 (6.2187)	Prec@1 2.344 (1.870)
Epoch: [1][2850/10010]	Time 1.060 (1.081)	Data 0.663 (0.685)	Loss 5.5257 (6.2077)	Prec@1 7.031 (1.911)
Epoch: [1][2900/10010]	Time 1.042 (1.081)	Data 0.646 (0.684)	Loss 5.7158 (6.1968)	Prec@1 1.562 (1.952)
Epoch: [1][2950/10010]	Time 1.080 (1.081)	Data 0.684 (0.684)	Loss 5.7266 (6.1849)	Prec@1 4.688 (1.994)
Epoch: [1][3000/10010]	Time 1.082 (1.081)	Data 0.686 (0.684)	Loss 5.2485 (6.1739)	Prec@1 8.594 (2.039)
Epoch: [1][3050/10010]	Time 1.138 (1.081)	Data 0.742 (0.684)	Loss 5.2763 (6.1628)	Prec@1 8.594 (2.085)
Epoch: [1][3100/10010]	Time 1.048 (1.081)	Data 0.651 (0.684)	Loss 5.5170 (6.1517)	Prec@1 3.906 (2.128)
Epoch: [1][3150/10010]	Time 1.058 (1.081)	Data 0.661 (0.684)	Loss 5.4920 (6.1410)	Prec@1 7.031 (2.172)
Epoch: [1][3200/10010]	Time 1.024 (1.081)	Data 0.628 (0.684)	Loss 5.4762 (6.1305)	Prec@1 3.906 (2.217)
Epoch: [1][3250/10010]	Time 1.044 (1.081)	Data 0.647 (0.684)	Loss 5.5018 (6.1200)	Prec@1 3.906 (2.267)
Epoch: [1][3300/10010]	Time 1.051 (1.081)	Data 0.654 (0.684)	Loss 5.4474 (6.1097)	Prec@1 2.344 (2.311)
Epoch: [1][3350/10010]	Time 1.040 (1.080)	Data 0.643 (0.684)	Loss 5.4595 (6.0998)	Prec@1 5.469 (2.345)
Epoch: [1][3400/10010]	Time 1.034 (1.080)	Data 0.637 (0.684)	Loss 5.3746 (6.0897)	Prec@1 5.469 (2.392)
Epoch: [1][3450/10010]	Time 1.207 (1.080)	Data 0.811 (0.684)	Loss 5.3390 (6.0794)	Prec@1 4.688 (2.437)
Epoch: [1][3500/10010]	Time 1.068 (1.080)	Data 0.670 (0.683)	Loss 5.1572 (6.0691)	Prec@1 6.250 (2.488)
Epoch: [1][3550/10010]	Time 1.154 (1.080)	Data 0.758 (0.683)	Loss 5.4553 (6.0589)	Prec@1 2.344 (2.529)
Epoch: [1][3600/10010]	Time 1.040 (1.080)	Data 0.644 (0.683)	Loss 5.3098 (6.0492)	Prec@1 5.469 (2.576)
Epoch: [1][3650/10010]	Time 1.017 (1.080)	Data 0.620 (0.683)	Loss 5.4540 (6.0397)	Prec@1 7.812 (2.621)
Epoch: [1][3700/10010]	Time 1.021 (1.080)	Data 0.623 (0.683)	Loss 5.0838 (6.0301)	Prec@1 8.594 (2.667)
Epoch: [1][3750/10010]	Time 1.108 (1.080)	Data 0.712 (0.683)	Loss 5.4543 (6.0206)	Prec@1 3.125 (2.716)
Epoch: [1][3800/10010]	Time 1.235 (1.080)	Data 0.838 (0.683)	Loss 5.3867 (6.0115)	Prec@1 7.031 (2.762)
Epoch: [1][3850/10010]	Time 1.111 (1.080)	Data 0.716 (0.683)	Loss 5.4288 (6.0024)	Prec@1 5.469 (2.815)
Epoch: [1][3900/10010]	Time 1.072 (1.080)	Data 0.676 (0.683)	Loss 5.2298 (5.9929)	Prec@1 5.469 (2.865)
Epoch: [1][3950/10010]	Time 1.084 (1.080)	Data 0.688 (0.683)	Loss 5.3215 (5.9840)	Prec@1 7.812 (2.907)
Epoch: [1][4000/10010]	Time 1.092 (1.080)	Data 0.694 (0.683)	Loss 5.2798 (5.9750)	Prec@1 7.031 (2.953)
Epoch: [1][4050/10010]	Time 1.055 (1.080)	Data 0.658 (0.683)	Loss 4.9948 (5.9660)	Prec@1 7.031 (3.002)
Epoch: [1][4100/10010]	Time 1.074 (1.080)	Data 0.676 (0.683)	Loss 5.1916 (5.9573)	Prec@1 2.344 (3.044)
Epoch: [1][4150/10010]	Time 1.141 (1.080)	Data 0.744 (0.683)	Loss 4.9374 (5.9486)	Prec@1 7.031 (3.087)
Epoch: [1][4200/10010]	Time 1.116 (1.080)	Data 0.719 (0.683)	Loss 5.3513 (5.9392)	Prec@1 4.688 (3.135)
Epoch: [1][4250/10010]	Time 1.158 (1.080)	Data 0.761 (0.683)	Loss 5.3511 (5.9307)	Prec@1 4.688 (3.174)
Epoch: [1][4300/10010]	Time 1.045 (1.080)	Data 0.648 (0.683)	Loss 5.3187 (5.9220)	Prec@1 7.812 (3.220)
Epoch: [1][4350/10010]	Time 1.074 (1.079)	Data 0.677 (0.683)	Loss 5.3589 (5.9137)	Prec@1 4.688 (3.263)
Epoch: [1][4400/10010]	Time 1.063 (1.079)	Data 0.667 (0.683)	Loss 5.0902 (5.9052)	Prec@1 7.031 (3.305)
Epoch: [1][4450/10010]	Time 1.053 (1.080)	Data 0.656 (0.683)	Loss 5.2666 (5.8969)	Prec@1 7.031 (3.347)
Epoch: [1][4500/10010]	Time 1.145 (1.080)	Data 0.747 (0.683)	Loss 5.0633 (5.8886)	Prec@1 5.469 (3.393)
Epoch: [1][4550/10010]	Time 1.057 (1.080)	Data 0.660 (0.683)	Loss 4.9866 (5.8803)	Prec@1 10.156 (3.444)
Epoch: [1][4600/10010]	Time 1.068 (1.079)	Data 0.671 (0.683)	Loss 5.2433 (5.8716)	Prec@1 9.375 (3.490)
Epoch: [1][4650/10010]	Time 1.006 (1.079)	Data 0.610 (0.683)	Loss 5.1057 (5.8635)	Prec@1 4.688 (3.535)
Epoch: [1][4700/10010]	Time 1.068 (1.079)	Data 0.672 (0.683)	Loss 5.0703 (5.8554)	Prec@1 4.688 (3.577)
Epoch: [1][4750/10010]	Time 1.058 (1.079)	Data 0.661 (0.683)	Loss 5.1791 (5.8471)	Prec@1 6.250 (3.622)
Epoch: [1][4800/10010]	Time 1.121 (1.080)	Data 0.724 (0.683)	Loss 5.3650 (5.8390)	Prec@1 6.250 (3.667)
Epoch: [1][4850/10010]	Time 1.120 (1.080)	Data 0.724 (0.683)	Loss 4.8890 (5.8311)	Prec@1 7.031 (3.715)
Epoch: [1][4900/10010]	Time 1.090 (1.080)	Data 0.694 (0.683)	Loss 5.3653 (5.8230)	Prec@1 4.688 (3.755)
Epoch: [1][4950/10010]	Time 1.092 (1.080)	Data 0.696 (0.684)	Loss 5.3463 (5.8150)	Prec@1 2.344 (3.801)
Epoch: [1][5000/10010]	Time 1.138 (1.081)	Data 0.742 (0.684)	Loss 5.0892 (5.8070)	Prec@1 7.031 (3.850)
Epoch: [1][5050/10010]	Time 1.132 (1.082)	Data 0.736 (0.685)	Loss 5.2072 (5.7992)	Prec@1 8.594 (3.894)
Epoch: [1][5100/10010]	Time 1.057 (1.082)	Data 0.662 (0.686)	Loss 5.2559 (5.7911)	Prec@1 6.250 (3.939)
Epoch: [1][5150/10010]	Time 1.103 (1.083)	Data 0.707 (0.686)	Loss 5.1717 (5.7837)	Prec@1 9.375 (3.983)
Epoch: [1][5200/10010]	Time 1.070 (1.083)	Data 0.675 (0.687)	Loss 4.8427 (5.7762)	Prec@1 9.375 (4.030)
Epoch: [1][5250/10010]	Time 1.058 (1.084)	Data 0.663 (0.687)	Loss 5.2179 (5.7685)	Prec@1 6.250 (4.074)
Epoch: [1][5300/10010]	Time 1.119 (1.085)	Data 0.724 (0.688)	Loss 5.0537 (5.7608)	Prec@1 5.469 (4.122)
Epoch: [1][5350/10010]	Time 1.744 (1.085)	Data 1.348 (0.689)	Loss 4.8025 (5.7531)	Prec@1 9.375 (4.168)
Epoch: [1][5400/10010]	Time 1.135 (1.086)	Data 0.739 (0.689)	Loss 4.8115 (5.7456)	Prec@1 8.594 (4.215)
Epoch: [1][5450/10010]	Time 1.225 (1.086)	Data 0.829 (0.690)	Loss 4.7480 (5.7383)	Prec@1 10.156 (4.257)
Epoch: [1][5500/10010]	Time 1.075 (1.087)	Data 0.680 (0.690)	Loss 4.8389 (5.7305)	Prec@1 6.250 (4.304)
Epoch: [1][5550/10010]	Time 1.098 (1.087)	Data 0.703 (0.690)	Loss 5.0092 (5.7233)	Prec@1 10.156 (4.349)
Epoch: [1][5600/10010]	Time 1.094 (1.087)	Data 0.699 (0.690)	Loss 4.7402 (5.7159)	Prec@1 9.375 (4.393)
Epoch: [1][5650/10010]	Time 1.129 (1.087)	Data 0.733 (0.691)	Loss 4.4722 (5.7087)	Prec@1 10.156 (4.438)
Epoch: [1][5700/10010]	Time 1.044 (1.088)	Data 0.649 (0.691)	Loss 4.8323 (5.7014)	Prec@1 12.500 (4.490)
Epoch: [1][5750/10010]	Time 1.104 (1.088)	Data 0.708 (0.691)	Loss 4.6941 (5.6944)	Prec@1 14.062 (4.534)
Epoch: [1][5800/10010]	Time 1.109 (1.088)	Data 0.714 (0.692)	Loss 5.0464 (5.6873)	Prec@1 8.594 (4.576)
Epoch: [1][5850/10010]	Time 1.095 (1.088)	Data 0.700 (0.692)	Loss 4.8445 (5.6802)	Prec@1 7.812 (4.622)
Epoch: [1][5900/10010]	Time 1.112 (1.089)	Data 0.718 (0.692)	Loss 4.9864 (5.6729)	Prec@1 4.688 (4.675)
Epoch: [1][5950/10010]	Time 1.094 (1.089)	Data 0.700 (0.692)	Loss 4.7379 (5.6656)	Prec@1 12.500 (4.722)
Epoch: [1][6000/10010]	Time 1.128 (1.089)	Data 0.734 (0.693)	Loss 4.7595 (5.6586)	Prec@1 9.375 (4.773)
Epoch: [1][6050/10010]	Time 1.109 (1.089)	Data 0.713 (0.693)	Loss 4.8835 (5.6517)	Prec@1 8.594 (4.817)
Epoch: [1][6100/10010]	Time 1.317 (1.090)	Data 0.922 (0.693)	Loss 4.8802 (5.6450)	Prec@1 8.594 (4.861)
Epoch: [1][6150/10010]	Time 1.079 (1.090)	Data 0.684 (0.694)	Loss 4.6382 (5.6377)	Prec@1 11.719 (4.913)
Epoch: [1][6200/10010]	Time 1.102 (1.090)	Data 0.707 (0.694)	Loss 4.9007 (5.6307)	Prec@1 7.812 (4.963)
Epoch: [1][6250/10010]	Time 1.142 (1.091)	Data 0.745 (0.694)	Loss 4.6121 (5.6238)	Prec@1 10.938 (5.007)
Epoch: [1][6300/10010]	Time 1.355 (1.091)	Data 0.958 (0.695)	Loss 4.7645 (5.6172)	Prec@1 10.938 (5.052)
Epoch: [1][6350/10010]	Time 1.188 (1.091)	Data 0.794 (0.695)	Loss 4.5596 (5.6103)	Prec@1 13.281 (5.105)
Epoch: [1][6400/10010]	Time 1.151 (1.092)	Data 0.755 (0.695)	Loss 4.6668 (5.6031)	Prec@1 12.500 (5.158)
Epoch: [1][6450/10010]	Time 1.126 (1.092)	Data 0.731 (0.695)	Loss 4.6069 (5.5959)	Prec@1 9.375 (5.207)
Epoch: [1][6500/10010]	Time 1.118 (1.092)	Data 0.723 (0.696)	Loss 4.6457 (5.5892)	Prec@1 16.406 (5.254)
Epoch: [1][6550/10010]	Time 1.126 (1.093)	Data 0.731 (0.696)	Loss 4.7263 (5.5822)	Prec@1 10.156 (5.301)
Epoch: [1][6600/10010]	Time 1.097 (1.093)	Data 0.701 (0.697)	Loss 4.6078 (5.5752)	Prec@1 7.031 (5.354)
Epoch: [1][6650/10010]	Time 1.173 (1.093)	Data 0.777 (0.697)	Loss 4.9170 (5.5686)	Prec@1 9.375 (5.403)
Epoch: [1][6700/10010]	Time 1.068 (1.093)	Data 0.671 (0.697)	Loss 4.6686 (5.5621)	Prec@1 7.031 (5.450)
Epoch: [1][6750/10010]	Time 1.227 (1.094)	Data 0.833 (0.697)	Loss 4.6543 (5.5552)	Prec@1 12.500 (5.502)
Epoch: [1][6800/10010]	Time 1.053 (1.094)	Data 0.657 (0.697)	Loss 4.7486 (5.5483)	Prec@1 10.938 (5.557)
Epoch: [1][6850/10010]	Time 1.077 (1.094)	Data 0.680 (0.697)	Loss 4.7964 (5.5419)	Prec@1 8.594 (5.602)
Epoch: [1][6900/10010]	Time 1.077 (1.094)	Data 0.682 (0.698)	Loss 4.3235 (5.5352)	Prec@1 17.969 (5.651)
Epoch: [1][6950/10010]	Time 1.169 (1.094)	Data 0.774 (0.698)	Loss 4.6064 (5.5290)	Prec@1 7.812 (5.697)
Epoch: [1][7000/10010]	Time 1.167 (1.094)	Data 0.771 (0.698)	Loss 4.7689 (5.5225)	Prec@1 10.156 (5.748)
Epoch: [1][7050/10010]	Time 1.062 (1.095)	Data 0.667 (0.698)	Loss 4.3945 (5.5161)	Prec@1 15.625 (5.792)
Epoch: [1][7100/10010]	Time 1.112 (1.095)	Data 0.715 (0.698)	Loss 4.6555 (5.5096)	Prec@1 11.719 (5.841)
Epoch: [1][7150/10010]	Time 1.192 (1.095)	Data 0.795 (0.698)	Loss 4.6863 (5.5035)	Prec@1 11.719 (5.886)
Epoch: [1][7200/10010]	Time 1.063 (1.095)	Data 0.667 (0.699)	Loss 4.6978 (5.4968)	Prec@1 11.719 (5.939)
Epoch: [1][7250/10010]	Time 1.113 (1.095)	Data 0.717 (0.699)	Loss 4.6820 (5.4906)	Prec@1 11.719 (5.983)
Epoch: [1][7300/10010]	Time 1.073 (1.095)	Data 0.677 (0.699)	Loss 4.7520 (5.4845)	Prec@1 10.938 (6.030)
Epoch: [1][7350/10010]	Time 1.167 (1.095)	Data 0.772 (0.699)	Loss 4.5797 (5.4786)	Prec@1 14.844 (6.073)
Epoch: [1][7400/10010]	Time 1.176 (1.095)	Data 0.781 (0.699)	Loss 4.4008 (5.4725)	Prec@1 11.719 (6.118)
Epoch: [1][7450/10010]	Time 1.073 (1.096)	Data 0.676 (0.699)	Loss 4.3569 (5.4661)	Prec@1 16.406 (6.170)
Epoch: [1][7500/10010]	Time 1.089 (1.096)	Data 0.695 (0.699)	Loss 4.6562 (5.4602)	Prec@1 10.938 (6.211)
Epoch: [1][7550/10010]	Time 1.057 (1.096)	Data 0.662 (0.699)	Loss 4.6743 (5.4538)	Prec@1 17.188 (6.261)
Epoch: [1][7600/10010]	Time 1.092 (1.096)	Data 0.698 (0.699)	Loss 4.3219 (5.4477)	Prec@1 17.188 (6.313)
Epoch: [1][7650/10010]	Time 1.472 (1.096)	Data 1.075 (0.700)	Loss 4.4815 (5.4414)	Prec@1 13.281 (6.362)
Epoch: [1][7700/10010]	Time 1.195 (1.096)	Data 0.800 (0.700)	Loss 4.3467 (5.4352)	Prec@1 17.188 (6.410)
Epoch: [1][7750/10010]	Time 1.133 (1.096)	Data 0.737 (0.700)	Loss 4.2475 (5.4292)	Prec@1 17.188 (6.459)
Epoch: [1][7800/10010]	Time 1.073 (1.096)	Data 0.677 (0.700)	Loss 4.6534 (5.4231)	Prec@1 14.844 (6.507)
Epoch: [1][7850/10010]	Time 1.056 (1.096)	Data 0.659 (0.700)	Loss 4.5674 (5.4172)	Prec@1 15.625 (6.552)
Epoch: [1][7900/10010]	Time 1.066 (1.096)	Data 0.670 (0.700)	Loss 4.4185 (5.4111)	Prec@1 14.062 (6.602)
Epoch: [1][7950/10010]	Time 1.126 (1.096)	Data 0.731 (0.700)	Loss 4.4031 (5.4051)	Prec@1 17.969 (6.652)
Epoch: [1][8000/10010]	Time 1.252 (1.097)	Data 0.856 (0.700)	Loss 4.4709 (5.3993)	Prec@1 15.625 (6.697)
Epoch: [1][8050/10010]	Time 1.125 (1.097)	Data 0.729 (0.700)	Loss 4.7050 (5.3932)	Prec@1 9.375 (6.748)
Epoch: [1][8100/10010]	Time 1.074 (1.097)	Data 0.678 (0.700)	Loss 4.2840 (5.3873)	Prec@1 15.625 (6.796)
Epoch: [1][8150/10010]	Time 1.264 (1.097)	Data 0.869 (0.701)	Loss 4.4928 (5.3815)	Prec@1 13.281 (6.843)
Epoch: [1][8200/10010]	Time 1.083 (1.097)	Data 0.688 (0.701)	Loss 4.4800 (5.3758)	Prec@1 10.156 (6.887)
Epoch: [1][8250/10010]	Time 1.094 (1.097)	Data 0.699 (0.701)	Loss 4.1465 (5.3703)	Prec@1 17.188 (6.935)
Epoch: [1][8300/10010]	Time 1.083 (1.097)	Data 0.687 (0.701)	Loss 4.3231 (5.3647)	Prec@1 16.406 (6.980)
Epoch: [1][8350/10010]	Time 1.082 (1.097)	Data 0.685 (0.701)	Loss 4.2746 (5.3588)	Prec@1 15.625 (7.029)
Epoch: [1][8400/10010]	Time 1.061 (1.097)	Data 0.666 (0.701)	Loss 4.3596 (5.3530)	Prec@1 14.062 (7.082)
Epoch: [1][8450/10010]	Time 1.056 (1.097)	Data 0.661 (0.701)	Loss 4.4227 (5.3474)	Prec@1 13.281 (7.131)
Epoch: [1][8500/10010]	Time 1.113 (1.097)	Data 0.717 (0.701)	Loss 3.9622 (5.3418)	Prec@1 17.188 (7.180)
Epoch: [1][8550/10010]	Time 1.063 (1.097)	Data 0.669 (0.701)	Loss 4.7269 (5.3360)	Prec@1 10.156 (7.227)
Epoch: [1][8600/10010]	Time 1.187 (1.097)	Data 0.792 (0.701)	Loss 4.2769 (5.3303)	Prec@1 16.406 (7.274)
Epoch: [1][8650/10010]	Time 1.272 (1.097)	Data 0.876 (0.701)	Loss 4.5657 (5.3248)	Prec@1 14.844 (7.320)
Epoch: [1][8700/10010]	Time 1.137 (1.097)	Data 0.741 (0.701)	Loss 4.0823 (5.3191)	Prec@1 17.969 (7.364)
Epoch: [1][8750/10010]	Time 1.125 (1.097)	Data 0.729 (0.701)	Loss 4.0958 (5.3133)	Prec@1 18.750 (7.411)
Epoch: [1][8800/10010]	Time 1.123 (1.097)	Data 0.727 (0.701)	Loss 4.1394 (5.3080)	Prec@1 20.312 (7.457)
Epoch: [1][8850/10010]	Time 1.074 (1.097)	Data 0.679 (0.701)	Loss 4.4004 (5.3026)	Prec@1 19.531 (7.499)
Epoch: [1][8900/10010]	Time 1.065 (1.097)	Data 0.668 (0.701)	Loss 4.1714 (5.2972)	Prec@1 15.625 (7.546)
Epoch: [1][8950/10010]	Time 1.106 (1.097)	Data 0.709 (0.701)	Loss 4.3979 (5.2918)	Prec@1 17.969 (7.590)
Epoch: [1][9000/10010]	Time 1.100 (1.097)	Data 0.704 (0.701)	Loss 4.3637 (5.2863)	Prec@1 17.188 (7.636)
Epoch: [1][9050/10010]	Time 1.061 (1.098)	Data 0.665 (0.701)	Loss 4.2671 (5.2809)	Prec@1 19.531 (7.687)
Epoch: [1][9100/10010]	Time 1.166 (1.098)	Data 0.770 (0.701)	Loss 4.3645 (5.2754)	Prec@1 17.969 (7.732)
Epoch: [1][9150/10010]	Time 1.159 (1.098)	Data 0.763 (0.701)	Loss 4.3412 (5.2700)	Prec@1 14.844 (7.777)
Epoch: [1][9200/10010]	Time 1.113 (1.098)	Data 0.718 (0.701)	Loss 4.3297 (5.2644)	Prec@1 10.156 (7.824)
Epoch: [1][9250/10010]	Time 1.088 (1.098)	Data 0.692 (0.701)	Loss 4.2663 (5.2594)	Prec@1 17.188 (7.869)
Epoch: [1][9300/10010]	Time 1.120 (1.098)	Data 0.723 (0.701)	Loss 4.3280 (5.2542)	Prec@1 14.844 (7.914)
Epoch: [1][9350/10010]	Time 1.077 (1.098)	Data 0.681 (0.701)	Loss 4.2882 (5.2490)	Prec@1 19.531 (7.963)
Epoch: [1][9400/10010]	Time 1.058 (1.098)	Data 0.663 (0.701)	Loss 4.2486 (5.2435)	Prec@1 16.406 (8.012)
Epoch: [1][9450/10010]	Time 1.070 (1.098)	Data 0.675 (0.701)	Loss 4.4648 (5.2382)	Prec@1 13.281 (8.058)
Epoch: [1][9500/10010]	Time 1.243 (1.098)	Data 0.848 (0.701)	Loss 4.3898 (5.2329)	Prec@1 24.219 (8.105)
Epoch: [1][9550/10010]	Time 1.110 (1.098)	Data 0.713 (0.701)	Loss 4.3683 (5.2277)	Prec@1 14.844 (8.147)
Epoch: [1][9600/10010]	Time 1.043 (1.098)	Data 0.647 (0.701)	Loss 4.1550 (5.2224)	Prec@1 23.438 (8.197)
Epoch: [1][9650/10010]	Time 1.164 (1.098)	Data 0.768 (0.701)	Loss 3.9798 (5.2175)	Prec@1 26.562 (8.238)
Epoch: [1][9700/10010]	Time 1.109 (1.098)	Data 0.713 (0.701)	Loss 4.0261 (5.2124)	Prec@1 17.969 (8.285)
Epoch: [1][9750/10010]	Time 1.082 (1.098)	Data 0.686 (0.701)	Loss 4.5237 (5.2070)	Prec@1 14.062 (8.335)
Epoch: [1][9800/10010]	Time 1.078 (1.098)	Data 0.682 (0.701)	Loss 4.2858 (5.2018)	Prec@1 17.969 (8.379)
Epoch: [1][9850/10010]	Time 1.070 (1.098)	Data 0.675 (0.701)	Loss 4.3361 (5.1969)	Prec@1 12.500 (8.424)
Epoch: [1][9900/10010]	Time 1.074 (1.098)	Data 0.678 (0.701)	Loss 3.9829 (5.1918)	Prec@1 21.094 (8.473)
Epoch: [1][9950/10010]	Time 1.025 (1.097)	Data 0.629 (0.701)	Loss 4.0858 (5.1866)	Prec@1 18.750 (8.520)
Epoch: [1][10000/10010]	Time 1.087 (1.097)	Data 0.691 (0.701)	Loss 3.9700 (5.1813)	Prec@1 17.188 (8.568)
